<?xml version="1.0" encoding="UTF-8"?>
<!-- Generated by org.testng.reporters.JUnitXMLReporter -->
<testsuite hostname="Tus-MacBook-Pro.attlocal.net" ignored="0" name="Group 3" tests="4" failures="1" timestamp="2022-03-20T09:04:34 CDT" time="17.309" errors="0">
  <testcase name="testCategoryPageFooter" time="9.118" classname="test.global.FooterTest">
    <failure type="java.lang.AssertionError" message="null">
      <![CDATA[java.lang.AssertionError: null
at test.global.FooterTest.testCategoryPageFooter(FooterTest.java:41)
at java.util.ArrayList.forEach(ArrayList.java:1257)
at java.util.concurrent.FutureTask.run(FutureTask.java:266)
at java.util.concurrent.ThreadPoolExecutor.runWorker(ThreadPoolExecutor.java:1149)
at java.util.concurrent.ThreadPoolExecutor$Worker.run(ThreadPoolExecutor.java:624)
at java.lang.Thread.run(Thread.java:748)
... Removed 20 stack frames]]>
    </failure>
  </testcase> <!-- testCategoryPageFooter -->
  <testcase name="testHomepageFooter" time="5.514" classname="test.global.FooterTest"/>
  <testcase name="testRegisterPageFooter" time="1.08" classname="test.global.FooterTest"/>
  <testcase name="testRecentlyViewedProducts" time="0.001" classname="test.pages.HomePageTest"/>
</testsuite> <!-- Group 3 -->
