<?xml version="1.0" encoding="UTF-8"?>
<!-- Generated by org.testng.reporters.JUnitXMLReporter -->
<testsuite hostname="Tus-MacBook-Pro.attlocal.net" ignored="0" name="Group 4" tests="5" failures="2" timestamp="2022-03-20T09:04:44 CDT" time="27.254" errors="0">
  <testcase name="testCategoryPageHeader" time="10.083" classname="test.global.HeaderTest"/>
  <testcase name="testHomepageHeader" time="7.089" classname="test.global.HeaderTest"/>
  <testcase name="testRegisterPageHeader" time="10.037" classname="test.global.HeaderTest"/>
  <testcase name="testHardAssertion" time="0.002" classname="test.global.TestNGAssertionTypes">
    <failure type="java.lang.AssertionError" message="[ERR] Now 1 == 2 expected [2] but found [1]">
      <![CDATA[java.lang.AssertionError: [ERR] Now 1 == 2 expected [2] but found [1]
at test.global.TestNGAssertionTypes.testHardAssertion(TestNGAssertionTypes.java:12)
at java.util.ArrayList.forEach(ArrayList.java:1257)
at java.util.concurrent.FutureTask.run(FutureTask.java:266)
at java.util.concurrent.ThreadPoolExecutor.runWorker(ThreadPoolExecutor.java:1149)
at java.util.concurrent.ThreadPoolExecutor$Worker.run(ThreadPoolExecutor.java:624)
at java.lang.Thread.run(Thread.java:748)
... Removed 23 stack frames]]>
    </failure>
  </testcase> <!-- testHardAssertion -->
  <testcase name="testSoftAssertion" time="0.003" classname="test.global.TestNGAssertionTypes">
    <failure type="java.lang.AssertionError" message="The following asserts failed:
	[ERR] Now 1 == 2 expected [2] but found [1]">
      <![CDATA[java.lang.AssertionError: The following asserts failed:
[ERR] Now 1 == 2 expected [2] but found [1]
at test.global.TestNGAssertionTypes.testSoftAssertion(TestNGAssertionTypes.java:24)
at java.util.ArrayList.forEach(ArrayList.java:1257)
at java.util.concurrent.FutureTask.run(FutureTask.java:266)
at java.util.concurrent.ThreadPoolExecutor.runWorker(ThreadPoolExecutor.java:1149)
at java.util.concurrent.ThreadPoolExecutor$Worker.run(ThreadPoolExecutor.java:624)
at java.lang.Thread.run(Thread.java:748)
... Removed 20 stack frames]]>
    </failure>
  </testcase> <!-- testSoftAssertion -->
</testsuite> <!-- Group 4 -->
