{"uuid":"af6be7b6-b501-46a4-8e74-b12442c56c26","historyId":"1353c867f74751c12823bf3e86b01fc2","fullName":"test.order.StandardComputerBuyingTest.testStandardCompBuying","labels":[{"name":"package","value":"test.order.StandardComputerBuyingTest"},{"name":"testClass","value":"test.order.StandardComputerBuyingTest"},{"name":"testMethod","value":"testStandardCompBuying"},{"name":"parentSuite","value":"Regression"},{"name":"suite","value":"Buying Standard Computer"},{"name":"subSuite","value":"test.order.StandardComputerBuyingTest"},{"name":"host","value":"DESKTOP-BG9IMGR"},{"name":"thread","value":"3840@DESKTOP-BG9IMGR.TestNG-tests-2(19)"},{"name":"framework","value":"testng"},{"name":"language","value":"java"}],"links":[{"name":"TC_002","url":"https://example.org/ts/TC_002","type":"tms"},{"name":"TC_003","url":"https://example.org/ts/TC_003","type":"tms"},{"name":"TC_004","url":"https://example.org/ts/TC_004","type":"tms"}],"name":"Buying Cheap Computer","status":"broken","statusDetails":{"known":false,"muted":false,"flaky":false,"message":"Input must be set","trace":"java.lang.IllegalArgumentException: Input must be set\r\n\tat org.openqa.selenium.internal.Require.nonNull(Require.java:56)\r\n\tat org.openqa.selenium.support.ui.FluentWait.<init>(FluentWait.java:97)\r\n\tat org.openqa.selenium.support.ui.WebDriverWait.<init>(WebDriverWait.java:128)\r\n\tat org.openqa.selenium.support.ui.WebDriverWait.<init>(WebDriverWait.java:61)\r\n\tat models.components.order.BaseItemDetailComponent.waitUntilItemAddedToCart(BaseItemDetailComponent.java:45)\r\n\tat test_flow.order.OrderComputerFlow.buildCompSpecAndAddToCart(OrderComputerFlow.java:38)\r\n\tat test.order.StandardComputerBuyingTest.testStandardCompBuying(StandardComputerBuyingTest.java:24)\r\n\tat sun.reflect.NativeMethodAccessorImpl.invoke0(Native Method)\r\n\tat sun.reflect.NativeMethodAccessorImpl.invoke(NativeMethodAccessorImpl.java:62)\r\n\tat sun.reflect.DelegatingMethodAccessorImpl.invoke(DelegatingMethodAccessorImpl.java:43)\r\n\tat java.lang.reflect.Method.invoke(Method.java:498)\r\n\tat org.testng.internal.invokers.MethodInvocationHelper.invokeMethod(MethodInvocationHelper.java:135)\r\n\tat org.testng.internal.invokers.TestInvoker.invokeMethod(TestInvoker.java:673)\r\n\tat org.testng.internal.invokers.TestInvoker.invokeTestMethod(TestInvoker.java:220)\r\n\tat org.testng.internal.invokers.MethodRunner.runInSequence(MethodRunner.java:50)\r\n\tat org.testng.internal.invokers.TestInvoker$MethodInvocationAgent.invoke(TestInvoker.java:945)\r\n\tat org.testng.internal.invokers.TestInvoker.invokeTestMethods(TestInvoker.java:193)\r\n\tat org.testng.internal.invokers.TestMethodWorker.invokeTestMethods(TestMethodWorker.java:146)\r\n\tat org.testng.internal.invokers.TestMethodWorker.run(TestMethodWorker.java:128)\r\n\tat java.util.ArrayList.forEach(ArrayList.java:1259)\r\n\tat org.testng.TestRunner.privateRun(TestRunner.java:808)\r\n\tat org.testng.TestRunner.run(TestRunner.java:603)\r\n\tat org.testng.SuiteRunner.runTest(SuiteRunner.java:429)\r\n\tat org.testng.SuiteRunner.access$000(SuiteRunner.java:32)\r\n\tat org.testng.SuiteRunner$SuiteWorker.run(SuiteRunner.java:467)\r\n\tat org.testng.internal.thread.ThreadUtil.lambda$execute$0(ThreadUtil.java:58)\r\n\tat java.util.concurrent.FutureTask.run(FutureTask.java:266)\r\n\tat java.util.concurrent.ThreadPoolExecutor.runWorker(ThreadPoolExecutor.java:1149)\r\n\tat java.util.concurrent.ThreadPoolExecutor$Worker.run(ThreadPoolExecutor.java:624)\r\n\tat java.lang.Thread.run(Thread.java:750)\r\n"},"stage":"finished","description":"Buying standard computer with data set","steps":[{"name":"Select processor type as 2.2GHz","status":"passed","stage":"finished","steps":[],"attachments":[],"parameters":[{"name":"prefixValue","value":"2.2GHz"}],"start":1646844070122,"stop":1646844070253},{"name":"Select RAM type as 8GB","status":"passed","stage":"finished","steps":[],"attachments":[],"parameters":[{"name":"prefixValue","value":"8GB"}],"start":1646844070254,"stop":1646844070421},{"name":"Select product quantity as 55","status":"passed","stage":"finished","steps":[],"attachments":[],"parameters":[{"name":"quantity","value":"55"}],"start":1646844070422,"stop":1646844070572},{"name":"Select HDD type as {asType}","status":"passed","stage":"finished","steps":[],"attachments":[],"parameters":[{"name":"hddType","value":"400 GB"}],"start":1646844070575,"stop":1646844070649},{"name":"Select OS type as {asType}","status":"passed","stage":"finished","steps":[],"attachments":[],"parameters":[{"name":"osType","value":"Ubuntu"}],"start":1646844070649,"stop":1646844070709},{"name":"Click on [Add To Cart] button","status":"passed","stage":"finished","steps":[],"attachments":[],"parameters":[],"start":1646844070709,"stop":1646844070821},{"name":"wait Until Item Added To Cart","status":"broken","statusDetails":{"known":false,"muted":false,"flaky":false,"message":"Input must be set","trace":"java.lang.IllegalArgumentException: Input must be set\r\n\tat org.openqa.selenium.internal.Require.nonNull(Require.java:56)\r\n\tat org.openqa.selenium.support.ui.FluentWait.<init>(FluentWait.java:97)\r\n\tat org.openqa.selenium.support.ui.WebDriverWait.<init>(WebDriverWait.java:128)\r\n\tat org.openqa.selenium.support.ui.WebDriverWait.<init>(WebDriverWait.java:61)\r\n\tat models.components.order.BaseItemDetailComponent.waitUntilItemAddedToCart(BaseItemDetailComponent.java:45)\r\n\tat test_flow.order.OrderComputerFlow.buildCompSpecAndAddToCart(OrderComputerFlow.java:38)\r\n\tat test.order.StandardComputerBuyingTest.testStandardCompBuying(StandardComputerBuyingTest.java:24)\r\n\tat sun.reflect.NativeMethodAccessorImpl.invoke0(Native Method)\r\n\tat sun.reflect.NativeMethodAccessorImpl.invoke(NativeMethodAccessorImpl.java:62)\r\n\tat sun.reflect.DelegatingMethodAccessorImpl.invoke(DelegatingMethodAccessorImpl.java:43)\r\n\tat java.lang.reflect.Method.invoke(Method.java:498)\r\n\tat org.testng.internal.invokers.MethodInvocationHelper.invokeMethod(MethodInvocationHelper.java:135)\r\n\tat org.testng.internal.invokers.TestInvoker.invokeMethod(TestInvoker.java:673)\r\n\tat org.testng.internal.invokers.TestInvoker.invokeTestMethod(TestInvoker.java:220)\r\n\tat org.testng.internal.invokers.MethodRunner.runInSequence(MethodRunner.java:50)\r\n\tat org.testng.internal.invokers.TestInvoker$MethodInvocationAgent.invoke(TestInvoker.java:945)\r\n\tat org.testng.internal.invokers.TestInvoker.invokeTestMethods(TestInvoker.java:193)\r\n\tat org.testng.internal.invokers.TestMethodWorker.invokeTestMethods(TestMethodWorker.java:146)\r\n\tat org.testng.internal.invokers.TestMethodWorker.run(TestMethodWorker.java:128)\r\n\tat java.util.ArrayList.forEach(ArrayList.java:1259)\r\n\tat org.testng.TestRunner.privateRun(TestRunner.java:808)\r\n\tat org.testng.TestRunner.run(TestRunner.java:603)\r\n\tat org.testng.SuiteRunner.runTest(SuiteRunner.java:429)\r\n\tat org.testng.SuiteRunner.access$000(SuiteRunner.java:32)\r\n\tat org.testng.SuiteRunner$SuiteWorker.run(SuiteRunner.java:467)\r\n\tat org.testng.internal.thread.ThreadUtil.lambda$execute$0(ThreadUtil.java:58)\r\n\tat java.util.concurrent.FutureTask.run(FutureTask.java:266)\r\n\tat java.util.concurrent.ThreadPoolExecutor.runWorker(ThreadPoolExecutor.java:1149)\r\n\tat java.util.concurrent.ThreadPoolExecutor$Worker.run(ThreadPoolExecutor.java:624)\r\n\tat java.lang.Thread.run(Thread.java:750)\r\n"},"stage":"finished","steps":[],"attachments":[],"parameters":[],"start":1646844070822,"stop":1646844070822}],"attachments":[],"parameters":[{"name":"arg0","value":"test_data.ComputerDataObject@17001fc5"}],"start":1646844062173,"stop":1646844070822}