<!DOCTYPE html PUBLIC "-//W3C//DTD XHTML 1.1//EN" "https://www.w3.org/TR/xhtml11/DTD/xhtml11.dtd">
<html xmlns="https://www.w3.org/1999/xhtml">
<head>
<meta http-equiv="content-type" content="text/html; charset=UTF-8"/>
<title>TestNG Report</title>
<style type="text/css">table {margin-bottom:10px;border-collapse:collapse;empty-cells:show}th,td {border:1px solid #009;padding:.25em .5em}th {vertical-align:bottom}td {vertical-align:top}table a {font-weight:bold}.stripe td {background-color: #E6EBF9}.num {text-align:right}.passedodd td {background-color: #3F3}.passedeven td {background-color: #0A0}.skippedodd td {background-color: #DDD}.skippedeven td {background-color: #CCC}.failedodd td,.attn {background-color: #F33}.failedeven td,.stripe .attn {background-color: #D00}.stacktrace {white-space:pre;font-family:monospace}.totop {font-size:85%;text-align:center;border-bottom:2px solid #000}.invisible {display:none}</style>
</head>
<body>
<table>
<tr><th>Test</th><th># Passed</th><th># Skipped</th><th># Retried</th><th># Failed</th><th>Time (ms)</th><th>Included Groups</th><th>Excluded Groups</th></tr>
<tr><th colspan="8">Regression</th></tr>
<tr><td><a href="#t0">Group 3</a></td><td class="num">3</td><td class="num">0</td><td class="num">0</td><td class="num attn">1</td><td class="num">17,309</td><td></td><td></td></tr>
<tr class="stripe"><td><a href="#t1">Group 4</a></td><td class="num">3</td><td class="num">0</td><td class="num">0</td><td class="num attn">2</td><td class="num">27,254</td><td></td><td></td></tr>
<tr><td><a href="#t2">Group 2</a></td><td class="num">5</td><td class="num">0</td><td class="num">0</td><td class="num attn">2</td><td class="num">63,612</td><td></td><td></td></tr>
<tr class="stripe"><td><a href="#t3">Group 1</a></td><td class="num">3</td><td class="num">0</td><td class="num">0</td><td class="num">0</td><td class="num">64,818</td><td></td><td></td></tr>
<tr><th>Total</th><th class="num">14</th><th class="num">0</th><th class="num">0</th><th class="num attn">5</th><th class="num">172,993</th><th colspan="2"></th></tr>
</table>
<table id='summary'><thead><tr><th>Class</th><th>Method</th><th>Start</th><th>Time (ms)</th></tr></thead><tbody><tr><th colspan="4">Regression</th></tr></tbody><tbody id="t0"><tr><th colspan="4">Group 3 &#8212; failed</th></tr><tr class="failedeven"><td rowspan="1">test.global.FooterTest</td><td><a href="#m0">testCategoryPageFooter</a></td><td rowspan="1">1647785056829</td><td rowspan="1">9118</td></tr><tr><th colspan="4">Group 3 &#8212; passed</th></tr><tr class="passedeven"><td rowspan="2">test.global.FooterTest</td><td><a href="#m1">testHomepageFooter</a></td><td rowspan="1">1647785067279</td><td rowspan="1">5514</td></tr><tr class="passedeven"><td><a href="#m2">testRegisterPageFooter</a></td><td rowspan="1">1647785072816</td><td rowspan="1">1080</td></tr><tr class="passedodd"><td rowspan="1">test.pages.HomePageTest</td><td><a href="#m3">testRecentlyViewedProducts</a></td><td rowspan="1">1647785073907</td><td rowspan="1">1</td></tr></tbody>
<tbody id="t1"><tr><th colspan="4">Group 4 &#8212; failed</th></tr><tr class="failedeven"><td rowspan="2">test.global.TestNGAssertionTypes</td><td><a href="#m4">testHardAssertion</a></td><td rowspan="1">1647785084053</td><td rowspan="1">2</td></tr><tr class="failedeven"><td><a href="#m5">testSoftAssertion</a></td><td rowspan="1">1647785084056</td><td rowspan="1">3</td></tr><tr><th colspan="4">Group 4 &#8212; passed</th></tr><tr class="passedeven"><td rowspan="3">test.global.HeaderTest</td><td><a href="#m6">testCategoryPageHeader</a></td><td rowspan="1">1647785056827</td><td rowspan="1">10083</td></tr><tr class="passedeven"><td><a href="#m7">testHomepageHeader</a></td><td rowspan="1">1647785066924</td><td rowspan="1">7089</td></tr><tr class="passedeven"><td><a href="#m8">testRegisterPageHeader</a></td><td rowspan="1">1647785074015</td><td rowspan="1">10037</td></tr></tbody>
<tbody id="t2"><tr><th colspan="4">Group 2 &#8212; failed</th></tr><tr class="failedeven"><td rowspan="1">test.order.CheapComputerBuyingTest</td><td><a href="#m9">testSomething</a></td><td rowspan="1">1647785119812</td><td rowspan="1">8</td></tr><tr class="failedodd"><td rowspan="1">test.testng_dataprovider.TestUserData</td><td><a href="#m10">testUserDataCollection</a></td><td rowspan="1">1647785120301</td><td rowspan="1">1</td></tr><tr><th colspan="4">Group 2 &#8212; passed</th></tr><tr class="passedeven"><td rowspan="3">test.order.CheapComputerBuyingTest</td><td><a href="#m11">testCheapCompBuying</a></td><td rowspan="3">1647785096747</td><td rowspan="3">11594</td></tr><tr class="passedeven"><td><a href="#m12">testCheapCompBuying</a></td></tr><tr class="passedeven"><td><a href="#m13">testCheapCompBuying</a></td></tr><tr class="passedodd"><td rowspan="2">test.testng_dataprovider.TestUserData</td><td><a href="#m14">testUserDataCollection</a></td><td rowspan="2">1647785120303</td><td rowspan="2">1</td></tr><tr class="passedodd"><td><a href="#m15">testUserDataCollection</a></td></tr></tbody>
<tbody id="t3"><tr><th colspan="4">Group 1 &#8212; passed</th></tr><tr class="passedeven"><td rowspan="3">test.order.StandardComputerBuyingTest</td><td><a href="#m16">testStandardCompBuying</a></td><td rowspan="3">1647785056879</td><td rowspan="3">41288</td></tr><tr class="passedeven"><td><a href="#m17">testStandardCompBuying</a></td></tr><tr class="passedeven"><td><a href="#m18">testStandardCompBuying</a></td></tr></tbody>
</table>
<h2>Group 3</h2><h3 id="m0">test.global.FooterTest#testCategoryPageFooter</h3><table class="result"><tr><th>Exception</th></tr><tr><td><div class="stacktrace">java.lang.AssertionError: null
	at test.global.FooterTest.testCategoryPageFooter(FooterTest.java:41)
	at java.util.ArrayList.forEach(ArrayList.java:1257)
	at java.util.concurrent.FutureTask.run(FutureTask.java:266)
	at java.util.concurrent.ThreadPoolExecutor.runWorker(ThreadPoolExecutor.java:1149)
	at java.util.concurrent.ThreadPoolExecutor$Worker.run(ThreadPoolExecutor.java:624)
	at java.lang.Thread.run(Thread.java:748)
... Removed 20 stack frames</div></td></tr></table><p class="totop"><a href="#summary">back to summary</a></p>
<h3 id="m1">test.global.FooterTest#testHomepageFooter</h3><table class="result"><tr><th class="invisible"/></tr></table><p class="totop"><a href="#summary">back to summary</a></p>
<h3 id="m2">test.global.FooterTest#testRegisterPageFooter</h3><table class="result"><tr><th class="invisible"/></tr></table><p class="totop"><a href="#summary">back to summary</a></p>
<h3 id="m3">test.pages.HomePageTest#testRecentlyViewedProducts</h3><table class="result"><tr><th class="invisible"/></tr></table><p class="totop"><a href="#summary">back to summary</a></p>
<h2>Group 4</h2><h3 id="m4">test.global.TestNGAssertionTypes#testHardAssertion</h3><table class="result"><tr><th>Exception</th></tr><tr><td><div class="stacktrace">java.lang.AssertionError: [ERR] Now 1 == 2 expected [2] but found [1]
	at test.global.TestNGAssertionTypes.testHardAssertion(TestNGAssertionTypes.java:12)
	at java.util.ArrayList.forEach(ArrayList.java:1257)
	at java.util.concurrent.FutureTask.run(FutureTask.java:266)
	at java.util.concurrent.ThreadPoolExecutor.runWorker(ThreadPoolExecutor.java:1149)
	at java.util.concurrent.ThreadPoolExecutor$Worker.run(ThreadPoolExecutor.java:624)
	at java.lang.Thread.run(Thread.java:748)
... Removed 23 stack frames</div></td></tr></table><p class="totop"><a href="#summary">back to summary</a></p>
<h3 id="m5">test.global.TestNGAssertionTypes#testSoftAssertion</h3><table class="result"><tr><th>Exception</th></tr><tr><td><div class="stacktrace">java.lang.AssertionError: The following asserts failed:
	[ERR] Now 1 == 2 expected [2] but found [1]
	at test.global.TestNGAssertionTypes.testSoftAssertion(TestNGAssertionTypes.java:24)
	at java.util.ArrayList.forEach(ArrayList.java:1257)
	at java.util.concurrent.FutureTask.run(FutureTask.java:266)
	at java.util.concurrent.ThreadPoolExecutor.runWorker(ThreadPoolExecutor.java:1149)
	at java.util.concurrent.ThreadPoolExecutor$Worker.run(ThreadPoolExecutor.java:624)
	at java.lang.Thread.run(Thread.java:748)
... Removed 20 stack frames</div></td></tr></table><p class="totop"><a href="#summary">back to summary</a></p>
<h3 id="m6">test.global.HeaderTest#testCategoryPageHeader</h3><table class="result"><tr><th class="invisible"/></tr></table><p class="totop"><a href="#summary">back to summary</a></p>
<h3 id="m7">test.global.HeaderTest#testHomepageHeader</h3><table class="result"><tr><th class="invisible"/></tr></table><p class="totop"><a href="#summary">back to summary</a></p>
<h3 id="m8">test.global.HeaderTest#testRegisterPageHeader</h3><table class="result"><tr><th class="invisible"/></tr></table><p class="totop"><a href="#summary">back to summary</a></p>
<h2>Group 2</h2><h3 id="m9">test.order.CheapComputerBuyingTest#testSomething</h3><table class="result"><tr><th>Exception</th></tr><tr><td><div class="stacktrace">java.lang.AssertionError: Failed by....sth
	at test.order.CheapComputerBuyingTest.testSomething(CheapComputerBuyingTest.java:48)
	at java.util.ArrayList.forEach(ArrayList.java:1257)
	at java.util.concurrent.FutureTask.run(FutureTask.java:266)
	at java.util.concurrent.ThreadPoolExecutor.runWorker(ThreadPoolExecutor.java:1149)
	at java.util.concurrent.ThreadPoolExecutor$Worker.run(ThreadPoolExecutor.java:624)
	at java.lang.Thread.run(Thread.java:748)
... Removed 19 stack frames</div></td></tr></table><p class="totop"><a href="#summary">back to summary</a></p>
<h3 id="m10">test.testng_dataprovider.TestUserData#testUserDataCollection</h3><table class="result"><tr class="param"><th>Parameter #1</th></tr><tr class="param stripe"><td>User{name=&apos;ti&apos;, age=&apos;19&apos;}</td></tr><tr><th>Exception</th></tr><tr><td><div class="stacktrace">java.lang.AssertionError: [ERR] name is not started with T expected [true] but found [false]
	at test.testng_dataprovider.TestUserData.testUserDataCollection(TestUserData.java:13)
	at java.util.ArrayList.forEach(ArrayList.java:1257)
	at java.util.concurrent.FutureTask.run(FutureTask.java:266)
	at java.util.concurrent.ThreadPoolExecutor.runWorker(ThreadPoolExecutor.java:1149)
	at java.util.concurrent.ThreadPoolExecutor$Worker.run(ThreadPoolExecutor.java:624)
	at java.lang.Thread.run(Thread.java:748)
... Removed 21 stack frames</div></td></tr></table><p class="totop"><a href="#summary">back to summary</a></p>
<h3 id="m11">test.order.CheapComputerBuyingTest#testCheapCompBuying</h3><table class="result"><tr class="param"><th>Parameter #1</th></tr><tr class="param stripe"><td>test_data.ComputerDataObject@7164edff</td></tr></table><p class="totop"><a href="#summary">back to summary</a></p>
<h3 id="m12">test.order.CheapComputerBuyingTest#testCheapCompBuying</h3><table class="result"><tr class="param"><th>Parameter #1</th></tr><tr class="param stripe"><td>test_data.ComputerDataObject@6d1cb5a</td></tr></table><p class="totop"><a href="#summary">back to summary</a></p>
<h3 id="m13">test.order.CheapComputerBuyingTest#testCheapCompBuying</h3><table class="result"><tr class="param"><th>Parameter #1</th></tr><tr class="param stripe"><td>test_data.ComputerDataObject@76913e62</td></tr></table><p class="totop"><a href="#summary">back to summary</a></p>
<h3 id="m14">test.testng_dataprovider.TestUserData#testUserDataCollection</h3><table class="result"><tr class="param"><th>Parameter #1</th></tr><tr class="param stripe"><td>User{name=&apos;Tun&apos;, age=&apos;20&apos;}</td></tr></table><p class="totop"><a href="#summary">back to summary</a></p>
<h3 id="m15">test.testng_dataprovider.TestUserData#testUserDataCollection</h3><table class="result"><tr class="param"><th>Parameter #1</th></tr><tr class="param stripe"><td>User{name=&apos;Teo&apos;, age=&apos;18&apos;}</td></tr></table><p class="totop"><a href="#summary">back to summary</a></p>
<h2>Group 1</h2><h3 id="m16">test.order.StandardComputerBuyingTest#testStandardCompBuying</h3><table class="result"><tr class="param"><th>Parameter #1</th></tr><tr class="param stripe"><td>test_data.ComputerDataObject@e17a3c2</td></tr></table><p class="totop"><a href="#summary">back to summary</a></p>
<h3 id="m17">test.order.StandardComputerBuyingTest#testStandardCompBuying</h3><table class="result"><tr class="param"><th>Parameter #1</th></tr><tr class="param stripe"><td>test_data.ComputerDataObject@3fcbf19a</td></tr></table><p class="totop"><a href="#summary">back to summary</a></p>
<h3 id="m18">test.order.StandardComputerBuyingTest#testStandardCompBuying</h3><table class="result"><tr class="param"><th>Parameter #1</th></tr><tr class="param stripe"><td>test_data.ComputerDataObject@1938f9a1</td></tr></table><p class="totop"><a href="#summary">back to summary</a></p>
</body>
</html>
